<?xml version="1.0" encoding="UTF-8"?>
<testng-results skipped="0" failed="0" ignored="0" total="0" passed="0">
  <reporter-output>
  </reporter-output>
  <suite name="hellocucumber.RunCucumberTest" duration-ms="5" started-at="2020-01-28T16:27:07Z" finished-at="2020-01-28T16:27:07Z">
    <groups>
    </groups>
    <test name="Command line test" duration-ms="5" started-at="2020-01-28T16:27:07Z" finished-at="2020-01-28T16:27:07Z">
    </test> <!-- Command line test -->
  </suite> <!-- hellocucumber.RunCucumberTest -->
</testng-results>
